<?xml version="1.0" encoding="UTF-8"?>
<!-- Generated by org.testng.reporters.JUnitReportReporter -->
<testsuite hostname="vivekshivankar-mbp" failures="0" tests="2" name="DemoTest" time="2.573" errors="0" timestamp="16 Oct 2020 17:06:06 GMT" skipped="0">
  <testcase classname="DemoTest" name="testGetProduct" time="0.893"/>
  <testcase classname="DemoTest" name="testGet" time="1.680"/>
</testsuite> <!-- DemoTest -->
